<?xml version="1.0" encoding="UTF-8"?>
<!--RSS generated by Microsoft SharePoint Foundation RSS Generator on 4/17/2024 9:30:52 PM -->
<?xml-stylesheet type="text/xsl" href="/sites/CapA-Test2023/_layouts/15/RssXslt.aspx?List=3b4975eb-cf76-4d38-a808-ec6e08c7c51c" version="1.0"?>
<rss version="2.0">
  <channel>
    <title>CapA-Test2023: MicroFeed</title>
    <link>https://uonstaff.sharepoint.com/sites/CapA-Test2023/Lists/PublishedFeed/AllItems.aspx</link>
    <description>RSS feed for the MicroFeed list.</description>
    <lastBuildDate>Thu, 18 Apr 2024 04:30:52 GMT</lastBuildDate>
    <generator>Microsoft SharePoint Foundation RSS Generator</generator>
    <ttl>60</ttl>
    <language>en-US</language>
    <image>
      <title>CapA-Test2023: MicroFeed</title>
      <url>https://uonstaff.sharepoint.com/sites/CapA-Test2023/_layouts/15/images/siteIcon.png</url>
      <link>https://uonstaff.sharepoint.com/sites/CapA-Test2023/Lists/PublishedFeed/AllItems.aspx</link>
    </image>
    <item>
      <title>Mackenzie Roddenby said...</title>
      <link>https://uonstaff.sharepoint.com/sites/CapA-Test2023/Lists/PublishedFeed/DispForm.aspx?ID=4</link>
      <description><![CDATA[<div><b>MicroBlogType:</b> 2</div>
<div><b>Post Author:</b> i:0#.f|membership|mkr331@newcastle.edu.au</div>
<div><b>DefinitionId:</b> 1</div>
<div><b>RootPostID:</b> 1</div>
<div><b>Root Post Owner ID:</b> 8.a3733a2d02504e05a10a2a0357367334.48e2cc84cd764cd9ba159aa7421b8489.a3733a2d02504e05a10a2a0357367334.399df14f432643469a1c4a28fb252cd3</div>
<div><b>Root Post Unique ID:</b> 3e28d325a6df428fa0a87dcd2cd652f6</div>
<div><b>ReplyCount:</b> 0</div>
<div><b>Attributes:</b> 0</div>
<div><b>Content:</b> Hello!</div>
<div><b>ContentData:</b> &lt;CDC xmlns:i=&quot;http://www.w3.org/2001/XMLSchema-instance&quot; xmlns=&quot;http://Microsoft/Office/Server/SPMicrofeedContentDataCollection&quot;&gt;&lt;a xmlns:d2p1=&quot;http://Microsoft/Office/Server/Microfeed&quot;&gt;&lt;d2p1:CD&gt;&lt;d2p1:a&gt;ContentUri&lt;/d2p1:a&gt;&lt;d2p1:b i:nil=&quot;true&quot; /&gt;&lt;d2p1:c&gt;https://uonstaff.sharepoint.com/sites/CapA-Test2023/Lists/PublishedFeed/DispForm.aspx?ID=3&lt;/d2p1:c&gt;&lt;d2p1:d i:nil=&quot;true&quot; /&gt;&lt;/d2p1:CD&gt;&lt;/a&gt;&lt;/CDC&gt;</div>
<div><b>SearchContent:</b> Hello!</div>
<div><b>PeopleCount:</b> 0</div>
]]></description>
      <author>System Account</author>
      <pubDate>Fri, 12 Apr 2024 00:50:35 GMT</pubDate>
      <guid isPermaLink="true">https://uonstaff.sharepoint.com/sites/CapA-Test2023/Lists/PublishedFeed/DispForm.aspx?ID=4</guid>
    </item>
    <item>
      <title>9499A11C-5B27-4E29-9612-7471808F89F5</title>
      <link>https://uonstaff.sharepoint.com/sites/CapA-Test2023/Lists/PublishedFeed/DispForm.aspx?ID=3</link>
      <description><![CDATA[]]></description>
      <author>System Account</author>
      <pubDate>Fri, 12 Apr 2024 00:50:34 GMT</pubDate>
      <guid isPermaLink="true">https://uonstaff.sharepoint.com/sites/CapA-Test2023/Lists/PublishedFeed/DispForm.aspx?ID=3</guid>
    </item>
    <item>
      <title>FEB96200-6E92-41DB-856B-E8702BCDF33A</title>
      <link>https://uonstaff.sharepoint.com/sites/CapA-Test2023/Lists/PublishedFeed/DispForm.aspx?ID=1</link>
      <description><![CDATA[]]></description>
      <author>Mackenzie Roddenby</author>
      <pubDate>Fri, 12 Apr 2024 00:50:12 GMT</pubDate>
      <guid isPermaLink="true">https://uonstaff.sharepoint.com/sites/CapA-Test2023/Lists/PublishedFeed/DispForm.aspx?ID=1</guid>
    </item>
  </channel>
</rss>
